<!DOCTYPE html>

<html>
  <head>
  <meta charset='utf-8'>
  <title>TestNG reports</title>

    <link type="text/css" href="testng-reports1.css" rel="stylesheet" id="ultra" />
    <link type="text/css" href="testng-reports.css" rel="stylesheet" id="retro" disabled="false"/>
    <script type="text/javascript" src="jquery.min.js"></script>
    <script type="text/javascript" src="testng-reports.js"></script>
    <script type="text/javascript" src="https://www.google.com/jsapi"></script>
    <script type='text/javascript'>
      google.load('visualization', '1', {packages:['table']});
      google.setOnLoadCallback(drawTable);
      var suiteTableInitFunctions = new Array();
      var suiteTableData = new Array();
    </script>
    <!--
      <script type="text/javascript" src="jquery-ui/js/jquery-ui-1.8.16.custom.min.js"></script>
     -->
  </head>

  <body>
    <div class="top-banner-root">
      <span class="top-banner-title-font">Test results</span>
      <button id="button" class="button">Switch Retro Theme</button> <!-- button -->
      <br/>
      <span class="top-banner-font-1">1 suite, 6 failed tests</span>
    </div> <!-- top-banner-root -->
    <div class="navigator-root">
      <div class="navigator-suite-header">
        <span>All suites</span>
        <a href="#" title="Collapse/expand all the suites" class="collapse-all-link">
          <img src="collapseall.gif" class="collapse-all-icon">
          </img> <!-- collapse-all-icon -->
        </a> <!-- collapse-all-link -->
      </div> <!-- navigator-suite-header -->
      <div class="suite">
        <div class="rounded-window">
          <div class="suite-header light-rounded-window-top">
            <a href="#" panel-name="suite-caseStudies_18" class="navigator-link">
              <span class="suite-name border-failed">caseStudies_18</span>
            </a> <!-- navigator-link -->
          </div> <!-- suite-header light-rounded-window-top -->
          <div class="navigator-suite-content">
            <div class="suite-section-title">
              <span>Info</span>
            </div> <!-- suite-section-title -->
            <div class="suite-section-content">
              <ul>
                <li>
                  <a href="#" panel-name="test-xml-caseStudies_18" class="navigator-link ">
                    <span>C:\Users\Admin\eclipse-workspace\NewSelenium\testng.xml</span>
                  </a> <!-- navigator-link  -->
                </li>
                <li>
                  <a href="#" panel-name="testlist-caseStudies_18" class="navigator-link ">
                    <span class="test-stats">13 tests</span>
                  </a> <!-- navigator-link  -->
                </li>
                <li>
                  <a href="#" panel-name="group-caseStudies_18" class="navigator-link ">
                    <span>0 groups</span>
                  </a> <!-- navigator-link  -->
                </li>
                <li>
                  <a href="#" panel-name="times-caseStudies_18" class="navigator-link ">
                    <span>Times</span>
                  </a> <!-- navigator-link  -->
                </li>
                <li>
                  <a href="#" panel-name="reporter-caseStudies_18" class="navigator-link ">
                    <span>Reporter output</span>
                  </a> <!-- navigator-link  -->
                </li>
                <li>
                  <a href="#" panel-name="ignored-methods-caseStudies_18" class="navigator-link ">
                    <span>Ignored methods</span>
                  </a> <!-- navigator-link  -->
                </li>
                <li>
                  <a href="#" panel-name="chronological-caseStudies_18" class="navigator-link ">
                    <span>Chronological view</span>
                  </a> <!-- navigator-link  -->
                </li>
              </ul>
            </div> <!-- suite-section-content -->
            <div class="result-section">
              <div class="suite-section-title">
                <span>Results</span>
              </div> <!-- suite-section-title -->
              <div class="suite-section-content">
                <ul>
                  <li>
                    <span class="method-stats">14 methods, 6 failed,   8 passed</span>
                  </li>
                  <li>
                    <span class="method-list-title failed">Failed methods</span>
                    <span class="show-or-hide-methods failed">
                      <a href="#" panel-name="suite-caseStudies_18" class="hide-methods failed suite-caseStudies_18"> (hide)</a> <!-- hide-methods failed suite-caseStudies_18 -->
                      <a href="#" panel-name="suite-caseStudies_18" class="show-methods failed suite-caseStudies_18"> (show)</a> <!-- show-methods failed suite-caseStudies_18 -->
                    </span>
                    <div class="method-list-content failed suite-caseStudies_18">
                      <span>
                        <img src="failed.png" width="3%"/>
                        <a href="#" panel-name="suite-caseStudies_18" title="com.qa.testscript.TC_RadioButtons" class="method navigator-link" hash-for-method="destinationQA(http://destinationqa.com/aut/RadioButtons.html/)">destinationQA(http://destinationqa.com/aut/RadioButtons.html/)</a> <!-- method navigator-link -->
                      </span>
                      <br/>
                      <span>
                        <img src="failed.png" width="3%"/>
                        <a href="#" panel-name="suite-caseStudies_18" title="com.qa.testscript.TC_Ebay_01" class="method navigator-link" hash-for-method="ebay(https://www.ebay.com/, smith, kim, test@test.com, mercury)">ebay(https://www.ebay.com/, smith, kim, test@test.com, mercury)</a> <!-- method navigator-link -->
                      </span>
                      <br/>
                      <span>
                        <img src="failed.png" width="3%"/>
                        <a href="#" panel-name="suite-caseStudies_18" title="com.qa.testscript.TC_AutoSuggestField" class="method navigator-link" hash-for-method="google(Automation Testing)">google(Automation Testing)</a> <!-- method navigator-link -->
                      </span>
                      <br/>
                      <span>
                        <img src="failed.png" width="3%"/>
                        <a href="#" panel-name="suite-caseStudies_18" title="com.qa.testscript.TC_AutoSuggestField" class="method navigator-link" hash-for-method="google(Java)">google(Java)</a> <!-- method navigator-link -->
                      </span>
                      <br/>
                      <span>
                        <img src="failed.png" width="3%"/>
                        <a href="#" panel-name="suite-caseStudies_18" title="com.qa.testscript.TC_Popup_02" class="method navigator-link" hash-for-method="pop2(file:///C:/Users/Admin/Downloads/popup2.html)">pop2(file:///C:/Users/Admin/Downloads/popup2.html)</a> <!-- method navigator-link -->
                      </span>
                      <br/>
                      <span>
                        <img src="failed.png" width="3%"/>
                        <a href="#" panel-name="suite-caseStudies_18" title="com.qa.testscript.TC_Rediff" class="method navigator-link" hash-for-method="rediff(https://www.rediff.com/)">rediff(https://www.rediff.com/)</a> <!-- method navigator-link -->
                      </span>
                      <br/>
                    </div> <!-- method-list-content failed suite-caseStudies_18 -->
                  </li>
                  <li>
                    <span class="method-list-title passed">Passed methods</span>
                    <span class="show-or-hide-methods passed">
                      <a href="#" panel-name="suite-caseStudies_18" class="hide-methods passed suite-caseStudies_18"> (hide)</a> <!-- hide-methods passed suite-caseStudies_18 -->
                      <a href="#" panel-name="suite-caseStudies_18" class="show-methods passed suite-caseStudies_18"> (show)</a> <!-- show-methods passed suite-caseStudies_18 -->
                    </span>
                    <div class="method-list-content passed suite-caseStudies_18">
                      <span>
                        <img src="passed.png" width="3%"/>
                        <a href="#" panel-name="suite-caseStudies_18" title="com.qa.testscript.TC_Amazon" class="method navigator-link" hash-for-method="amazon(https://www.amazon.in/)">amazon(https://www.amazon.in/)</a> <!-- method navigator-link -->
                      </span>
                      <br/>
                      <span>
                        <img src="passed.png" width="3%"/>
                        <a href="#" panel-name="suite-caseStudies_18" title="com.qa.testscript.TC_Fedex" class="method navigator-link" hash-for-method="fedex(https://www.fedex.com/en-in/home.html)">fedex(https://www.fedex.com/en-in/home.html)</a> <!-- method navigator-link -->
                      </span>
                      <br/>
                      <span>
                        <img src="passed.png" width="3%"/>
                        <a href="#" panel-name="suite-caseStudies_18" title="com.qa.testscript.TC_NewTours_01" class="method navigator-link" hash-for-method="newtours(http://demo.guru99.com/test/newtours/)">newtours(http://demo.guru99.com/test/newtours/)</a> <!-- method navigator-link -->
                      </span>
                      <br/>
                      <span>
                        <img src="passed.png" width="3%"/>
                        <a href="#" panel-name="suite-caseStudies_18" title="com.qa.testscript.TC_NewTours_02" class="method navigator-link" hash-for-method="newtours(http://demo.guru99.com/test/newtours/)">newtours(http://demo.guru99.com/test/newtours/)</a> <!-- method navigator-link -->
                      </span>
                      <br/>
                      <span>
                        <img src="passed.png" width="3%"/>
                        <a href="#" panel-name="suite-caseStudies_18" title="com.qa.testscript.TC_NewTours_03" class="method navigator-link" hash-for-method="newtours(http://demo.guru99.com/test/newtours/)">newtours(http://demo.guru99.com/test/newtours/)</a> <!-- method navigator-link -->
                      </span>
                      <br/>
                      <span>
                        <img src="passed.png" width="3%"/>
                        <a href="#" panel-name="suite-caseStudies_18" title="com.qa.testscript.TC_NewTours_04" class="method navigator-link" hash-for-method="newtours18(http://demo.guru99.com/test/newtours/)">newtours18(http://demo.guru99.com/test/newtours/)</a> <!-- method navigator-link -->
                      </span>
                      <br/>
                      <span>
                        <img src="passed.png" width="3%"/>
                        <a href="#" panel-name="suite-caseStudies_18" title="com.qa.testscript.TC_Popup_01" class="method navigator-link" hash-for-method="pop1(file:///C:/Users/Admin/Downloads/popup1.html)">pop1(file:///C:/Users/Admin/Downloads/popup1.html)</a> <!-- method navigator-link -->
                      </span>
                      <br/>
                      <span>
                        <img src="passed.png" width="3%"/>
                        <a href="#" panel-name="suite-caseStudies_18" title="com.qa.testscript.TC_Popup_03" class="method navigator-link" hash-for-method="pop3(file:///C:/Users/Admin/Downloads/popup3.html)">pop3(file:///C:/Users/Admin/Downloads/popup3.html)</a> <!-- method navigator-link -->
                      </span>
                      <br/>
                    </div> <!-- method-list-content passed suite-caseStudies_18 -->
                  </li>
                </ul>
              </div> <!-- suite-section-content -->
            </div> <!-- result-section -->
          </div> <!-- navigator-suite-content -->
        </div> <!-- rounded-window -->
      </div> <!-- suite -->
    </div> <!-- navigator-root -->
    <div class="wrapper">
      <div class="main-panel-root">
        <div panel-name="suite-caseStudies_18" class="panel caseStudies_18">
          <div class="suite-caseStudies_18-class-failed">
            <div class="main-panel-header rounded-window-top">
              <img src="failed.png"/>
              <span class="class-name">com.qa.testscript.TC_Ebay_01</span>
            </div> <!-- main-panel-header rounded-window-top -->
            <div class="main-panel-content rounded-window-bottom">
              <div class="method">
                <div class="method-content">
                  <a name="ebay(https://www.ebay.com/, smith, kim, test@test.com, mercury)">
                  </a> <!-- ebay(https://www.ebay.com/, smith, kim, test@test.com, mercury) -->
                  <span class="method-name">ebay</span>
                  <span class="parameters">(https://www.ebay.com/, smith, kim, test@test.com, mercury)</span>
                  <div class="stack-trace">org.openqa.selenium.NoSuchElementException: no such element: Unable to locate element: {&quot;method&quot;:&quot;css selector&quot;,&quot;selector&quot;:&quot;#firstname&quot;}
  (Session info: chrome=92.0.4515.131)
For documentation on this error, please visit: https://www.seleniumhq.org/exceptions/no_such_element.html
Build info: version: &apos;3.141.59&apos;, revision: &apos;e82be7d358&apos;, time: &apos;2018-11-14T08:17:03&apos;
System info: host: &apos;GSV&apos;, ip: &apos;192.168.1.2&apos;, os.name: &apos;Windows 10&apos;, os.arch: &apos;amd64&apos;, os.version: &apos;10.0&apos;, java.version: &apos;16.0.1&apos;
Driver info: org.openqa.selenium.chrome.ChromeDriver
Capabilities {acceptInsecureCerts: false, browserName: chrome, browserVersion: 92.0.4515.131, chrome: {chromedriverVersion: 91.0.4472.101 (af52a90bf870..., userDataDir: C:\Users\Admin\AppData\Loca...}, goog:chromeOptions: {debuggerAddress: localhost:59377}, javascriptEnabled: true, networkConnectionEnabled: false, pageLoadStrategy: normal, platform: WINDOWS, platformName: WINDOWS, proxy: Proxy(), setWindowRect: true, strictFileInteractability: false, timeouts: {implicit: 0, pageLoad: 300000, script: 30000}, unhandledPromptBehavior: dismiss and notify, webauthn:extension:largeBlob: true, webauthn:virtualAuthenticators: true}
Session ID: eee9fd9f028eab2b7a8461d1a707098e
*** Element info: {Using=id, value=firstname}
	at org.openqa.selenium.remote.http.W3CHttpResponseCodec.createException(W3CHttpResponseCodec.java:187)
	at org.openqa.selenium.remote.http.W3CHttpResponseCodec.decode(W3CHttpResponseCodec.java:122)
	at org.openqa.selenium.remote.http.W3CHttpResponseCodec.decode(W3CHttpResponseCodec.java:49)
	at org.openqa.selenium.remote.HttpCommandExecutor.execute(HttpCommandExecutor.java:158)
	at org.openqa.selenium.remote.service.DriverCommandExecutor.execute(DriverCommandExecutor.java:83)
	at org.openqa.selenium.remote.RemoteWebDriver.execute(RemoteWebDriver.java:552)
	at org.openqa.selenium.remote.RemoteWebDriver.findElement(RemoteWebDriver.java:323)
	at org.openqa.selenium.remote.RemoteWebDriver.findElementById(RemoteWebDriver.java:372)
	at org.openqa.selenium.By$ById.findElement(By.java:188)
	at org.openqa.selenium.remote.RemoteWebDriver.findElement(RemoteWebDriver.java:315)
	at org.openqa.selenium.support.pagefactory.DefaultElementLocator.findElement(DefaultElementLocator.java:69)
	at org.openqa.selenium.support.pagefactory.internal.LocatingElementHandler.invoke(LocatingElementHandler.java:38)
	at jdk.proxy2/jdk.proxy2.$Proxy14.sendKeys(Unknown Source)
	at com.qa.testscript.TC_Ebay_01.ebay(TC_Ebay_01.java:34)
	at java.base/java.util.ArrayList.forEach(ArrayList.java:1511)
... Removed 32 stack frames
</div> <!-- stack-trace -->
                </div> <!-- method-content -->
              </div> <!-- method -->
            </div> <!-- main-panel-content rounded-window-bottom -->
          </div> <!-- suite-caseStudies_18-class-failed -->
          <div class="suite-caseStudies_18-class-failed">
            <div class="main-panel-header rounded-window-top">
              <img src="failed.png"/>
              <span class="class-name">com.qa.testscript.TC_Rediff</span>
            </div> <!-- main-panel-header rounded-window-top -->
            <div class="main-panel-content rounded-window-bottom">
              <div class="method">
                <div class="method-content">
                  <a name="rediff(https://www.rediff.com/)">
                  </a> <!-- rediff(https://www.rediff.com/) -->
                  <span class="method-name">rediff</span>
                  <span class="parameters">(https://www.rediff.com/)</span>
                  <div class="stack-trace">org.openqa.selenium.NoSuchElementException: no such element: Unable to locate element: {&quot;method&quot;:&quot;link text&quot;,&quot;selector&quot;:&quot;SignIn&quot;}
  (Session info: chrome=92.0.4515.131)
For documentation on this error, please visit: https://www.seleniumhq.org/exceptions/no_such_element.html
Build info: version: &apos;3.141.59&apos;, revision: &apos;e82be7d358&apos;, time: &apos;2018-11-14T08:17:03&apos;
System info: host: &apos;GSV&apos;, ip: &apos;192.168.1.2&apos;, os.name: &apos;Windows 10&apos;, os.arch: &apos;amd64&apos;, os.version: &apos;10.0&apos;, java.version: &apos;16.0.1&apos;
Driver info: org.openqa.selenium.chrome.ChromeDriver
Capabilities {acceptInsecureCerts: false, browserName: chrome, browserVersion: 92.0.4515.131, chrome: {chromedriverVersion: 91.0.4472.101 (af52a90bf870..., userDataDir: C:\Users\Admin\AppData\Loca...}, goog:chromeOptions: {debuggerAddress: localhost:61652}, javascriptEnabled: true, networkConnectionEnabled: false, pageLoadStrategy: normal, platform: WINDOWS, platformName: WINDOWS, proxy: Proxy(), setWindowRect: true, strictFileInteractability: false, timeouts: {implicit: 0, pageLoad: 300000, script: 30000}, unhandledPromptBehavior: dismiss and notify, webauthn:extension:largeBlob: true, webauthn:virtualAuthenticators: true}
Session ID: 2bcac94b676529a944f46d4f69a68be4
*** Element info: {Using=link text, value=SignIn}
	at org.openqa.selenium.remote.http.W3CHttpResponseCodec.createException(W3CHttpResponseCodec.java:187)
	at org.openqa.selenium.remote.http.W3CHttpResponseCodec.decode(W3CHttpResponseCodec.java:122)
	at org.openqa.selenium.remote.http.W3CHttpResponseCodec.decode(W3CHttpResponseCodec.java:49)
	at org.openqa.selenium.remote.HttpCommandExecutor.execute(HttpCommandExecutor.java:158)
	at org.openqa.selenium.remote.service.DriverCommandExecutor.execute(DriverCommandExecutor.java:83)
	at org.openqa.selenium.remote.RemoteWebDriver.execute(RemoteWebDriver.java:552)
	at org.openqa.selenium.remote.RemoteWebDriver.findElement(RemoteWebDriver.java:323)
	at org.openqa.selenium.remote.RemoteWebDriver.findElementByLinkText(RemoteWebDriver.java:380)
	at org.openqa.selenium.By$ByLinkText.findElement(By.java:220)
	at org.openqa.selenium.remote.RemoteWebDriver.findElement(RemoteWebDriver.java:315)
	at org.openqa.selenium.support.pagefactory.DefaultElementLocator.findElement(DefaultElementLocator.java:69)
	at org.openqa.selenium.support.pagefactory.internal.LocatingElementHandler.invoke(LocatingElementHandler.java:38)
	at jdk.proxy2/jdk.proxy2.$Proxy14.click(Unknown Source)
	at com.qa.testscript.TC_Rediff.rediff(TC_Rediff.java:37)
	at java.base/java.util.ArrayList.forEach(ArrayList.java:1511)
... Removed 32 stack frames
</div> <!-- stack-trace -->
                </div> <!-- method-content -->
              </div> <!-- method -->
            </div> <!-- main-panel-content rounded-window-bottom -->
          </div> <!-- suite-caseStudies_18-class-failed -->
          <div class="suite-caseStudies_18-class-failed">
            <div class="main-panel-header rounded-window-top">
              <img src="failed.png"/>
              <span class="class-name">com.qa.testscript.TC_Popup_02</span>
            </div> <!-- main-panel-header rounded-window-top -->
            <div class="main-panel-content rounded-window-bottom">
              <div class="method">
                <div class="method-content">
                  <a name="pop2(file:///C:/Users/Admin/Downloads/popup2.html)">
                  </a> <!-- pop2(file:///C:/Users/Admin/Downloads/popup2.html) -->
                  <span class="method-name">pop2</span>
                  <span class="parameters">(file:///C:/Users/Admin/Downloads/popup2.html)</span>
                  <div class="stack-trace">org.openqa.selenium.NoAlertPresentException: no such alert
  (Session info: chrome=92.0.4515.131)
Build info: version: &apos;3.141.59&apos;, revision: &apos;e82be7d358&apos;, time: &apos;2018-11-14T08:17:03&apos;
System info: host: &apos;GSV&apos;, ip: &apos;192.168.1.2&apos;, os.name: &apos;Windows 10&apos;, os.arch: &apos;amd64&apos;, os.version: &apos;10.0&apos;, java.version: &apos;16.0.1&apos;
Driver info: org.openqa.selenium.chrome.ChromeDriver
Capabilities {acceptInsecureCerts: false, browserName: chrome, browserVersion: 92.0.4515.131, chrome: {chromedriverVersion: 91.0.4472.101 (af52a90bf870..., userDataDir: C:\Users\Admin\AppData\Loca...}, goog:chromeOptions: {debuggerAddress: localhost:61361}, javascriptEnabled: true, networkConnectionEnabled: false, pageLoadStrategy: normal, platform: WINDOWS, platformName: WINDOWS, proxy: Proxy(), setWindowRect: true, strictFileInteractability: false, timeouts: {implicit: 0, pageLoad: 300000, script: 30000}, unhandledPromptBehavior: dismiss and notify, webauthn:extension:largeBlob: true, webauthn:virtualAuthenticators: true}
Session ID: 19653c94db0dee917edab2bcd1dd633f
	at org.openqa.selenium.remote.http.W3CHttpResponseCodec.createException(W3CHttpResponseCodec.java:187)
	at org.openqa.selenium.remote.http.W3CHttpResponseCodec.decode(W3CHttpResponseCodec.java:122)
	at org.openqa.selenium.remote.http.W3CHttpResponseCodec.decode(W3CHttpResponseCodec.java:49)
	at org.openqa.selenium.remote.HttpCommandExecutor.execute(HttpCommandExecutor.java:158)
	at org.openqa.selenium.remote.service.DriverCommandExecutor.execute(DriverCommandExecutor.java:83)
	at org.openqa.selenium.remote.RemoteWebDriver.execute(RemoteWebDriver.java:552)
	at org.openqa.selenium.remote.RemoteWebDriver.execute(RemoteWebDriver.java:609)
	at org.openqa.selenium.remote.RemoteWebDriver$RemoteTargetLocator.alert(RemoteWebDriver.java:932)
	at com.qa.testscript.TC_Popup_02.pop2(TC_Popup_02.java:27)
	at java.base/java.util.ArrayList.forEach(ArrayList.java:1511)
... Removed 32 stack frames
</div> <!-- stack-trace -->
                </div> <!-- method-content -->
              </div> <!-- method -->
            </div> <!-- main-panel-content rounded-window-bottom -->
          </div> <!-- suite-caseStudies_18-class-failed -->
          <div class="suite-caseStudies_18-class-failed">
            <div class="main-panel-header rounded-window-top">
              <img src="failed.png"/>
              <span class="class-name">com.qa.testscript.TC_AutoSuggestField</span>
            </div> <!-- main-panel-header rounded-window-top -->
            <div class="main-panel-content rounded-window-bottom">
              <div class="method">
                <div class="method-content">
                  <a name="google(Automation Testing)">
                  </a> <!-- google(Automation Testing) -->
                  <span class="method-name">google</span>
                  <span class="parameters">(Automation Testing)</span>
                  <div class="stack-trace">org.openqa.selenium.InvalidArgumentException: invalid argument
  (Session info: chrome=92.0.4515.131)
Build info: version: &apos;3.141.59&apos;, revision: &apos;e82be7d358&apos;, time: &apos;2018-11-14T08:17:03&apos;
System info: host: &apos;GSV&apos;, ip: &apos;192.168.1.2&apos;, os.name: &apos;Windows 10&apos;, os.arch: &apos;amd64&apos;, os.version: &apos;10.0&apos;, java.version: &apos;16.0.1&apos;
Driver info: org.openqa.selenium.chrome.ChromeDriver
Capabilities {acceptInsecureCerts: false, browserName: chrome, browserVersion: 92.0.4515.131, chrome: {chromedriverVersion: 91.0.4472.101 (af52a90bf870..., userDataDir: C:\Users\Admin\AppData\Loca...}, goog:chromeOptions: {debuggerAddress: localhost:52676}, javascriptEnabled: true, networkConnectionEnabled: false, pageLoadStrategy: normal, platform: WINDOWS, platformName: WINDOWS, proxy: Proxy(), setWindowRect: true, strictFileInteractability: false, timeouts: {implicit: 0, pageLoad: 300000, script: 30000}, unhandledPromptBehavior: dismiss and notify, webauthn:extension:largeBlob: true, webauthn:virtualAuthenticators: true}
Session ID: d1fd1ddd7f1bb78f0d4de1cfd5abaa82
	at org.openqa.selenium.remote.http.W3CHttpResponseCodec.createException(W3CHttpResponseCodec.java:187)
	at org.openqa.selenium.remote.http.W3CHttpResponseCodec.decode(W3CHttpResponseCodec.java:122)
	at org.openqa.selenium.remote.http.W3CHttpResponseCodec.decode(W3CHttpResponseCodec.java:49)
	at org.openqa.selenium.remote.HttpCommandExecutor.execute(HttpCommandExecutor.java:158)
	at org.openqa.selenium.remote.service.DriverCommandExecutor.execute(DriverCommandExecutor.java:83)
	at org.openqa.selenium.remote.RemoteWebDriver.execute(RemoteWebDriver.java:552)
	at org.openqa.selenium.remote.RemoteWebDriver.get(RemoteWebDriver.java:277)
	at com.qa.testscript.TC_AutoSuggestField.google(TC_AutoSuggestField.java:32)
	at java.base/java.util.ArrayList.forEach(ArrayList.java:1511)
... Removed 32 stack frames
</div> <!-- stack-trace -->
                </div> <!-- method-content -->
              </div> <!-- method -->
              <div class="method">
                <div class="method-content">
                  <a name="google(Java)">
                  </a> <!-- google(Java) -->
                  <span class="method-name">google</span>
                  <span class="parameters">(Java)</span>
                  <div class="stack-trace">org.openqa.selenium.InvalidArgumentException: invalid argument
  (Session info: chrome=92.0.4515.131)
Build info: version: &apos;3.141.59&apos;, revision: &apos;e82be7d358&apos;, time: &apos;2018-11-14T08:17:03&apos;
System info: host: &apos;GSV&apos;, ip: &apos;192.168.1.2&apos;, os.name: &apos;Windows 10&apos;, os.arch: &apos;amd64&apos;, os.version: &apos;10.0&apos;, java.version: &apos;16.0.1&apos;
Driver info: org.openqa.selenium.chrome.ChromeDriver
Capabilities {acceptInsecureCerts: false, browserName: chrome, browserVersion: 92.0.4515.131, chrome: {chromedriverVersion: 91.0.4472.101 (af52a90bf870..., userDataDir: C:\Users\Admin\AppData\Loca...}, goog:chromeOptions: {debuggerAddress: localhost:52676}, javascriptEnabled: true, networkConnectionEnabled: false, pageLoadStrategy: normal, platform: WINDOWS, platformName: WINDOWS, proxy: Proxy(), setWindowRect: true, strictFileInteractability: false, timeouts: {implicit: 0, pageLoad: 300000, script: 30000}, unhandledPromptBehavior: dismiss and notify, webauthn:extension:largeBlob: true, webauthn:virtualAuthenticators: true}
Session ID: d1fd1ddd7f1bb78f0d4de1cfd5abaa82
	at org.openqa.selenium.remote.http.W3CHttpResponseCodec.createException(W3CHttpResponseCodec.java:187)
	at org.openqa.selenium.remote.http.W3CHttpResponseCodec.decode(W3CHttpResponseCodec.java:122)
	at org.openqa.selenium.remote.http.W3CHttpResponseCodec.decode(W3CHttpResponseCodec.java:49)
	at org.openqa.selenium.remote.HttpCommandExecutor.execute(HttpCommandExecutor.java:158)
	at org.openqa.selenium.remote.service.DriverCommandExecutor.execute(DriverCommandExecutor.java:83)
	at org.openqa.selenium.remote.RemoteWebDriver.execute(RemoteWebDriver.java:552)
	at org.openqa.selenium.remote.RemoteWebDriver.get(RemoteWebDriver.java:277)
	at com.qa.testscript.TC_AutoSuggestField.google(TC_AutoSuggestField.java:32)
	at java.base/java.util.ArrayList.forEach(ArrayList.java:1511)
... Removed 32 stack frames
</div> <!-- stack-trace -->
                </div> <!-- method-content -->
              </div> <!-- method -->
            </div> <!-- main-panel-content rounded-window-bottom -->
          </div> <!-- suite-caseStudies_18-class-failed -->
          <div class="suite-caseStudies_18-class-failed">
            <div class="main-panel-header rounded-window-top">
              <img src="failed.png"/>
              <span class="class-name">com.qa.testscript.TC_RadioButtons</span>
            </div> <!-- main-panel-header rounded-window-top -->
            <div class="main-panel-content rounded-window-bottom">
              <div class="method">
                <div class="method-content">
                  <a name="destinationQA(http://destinationqa.com/aut/RadioButtons.html/)">
                  </a> <!-- destinationQA(http://destinationqa.com/aut/RadioButtons.html/) -->
                  <span class="method-name">destinationQA</span>
                  <span class="parameters">(http://destinationqa.com/aut/RadioButtons.html/)</span>
                  <div class="stack-trace">org.openqa.selenium.NoSuchElementException: no such element: Unable to locate element: {&quot;method&quot;:&quot;xpath&quot;,&quot;selector&quot;:&quot;//input[@name=&apos;Orange&apos;]&quot;}
  (Session info: chrome=92.0.4515.131)
For documentation on this error, please visit: https://www.seleniumhq.org/exceptions/no_such_element.html
Build info: version: &apos;3.141.59&apos;, revision: &apos;e82be7d358&apos;, time: &apos;2018-11-14T08:17:03&apos;
System info: host: &apos;GSV&apos;, ip: &apos;192.168.1.2&apos;, os.name: &apos;Windows 10&apos;, os.arch: &apos;amd64&apos;, os.version: &apos;10.0&apos;, java.version: &apos;16.0.1&apos;
Driver info: org.openqa.selenium.chrome.ChromeDriver
Capabilities {acceptInsecureCerts: false, browserName: chrome, browserVersion: 92.0.4515.131, chrome: {chromedriverVersion: 91.0.4472.101 (af52a90bf870..., userDataDir: C:\Users\Admin\AppData\Loca...}, goog:chromeOptions: {debuggerAddress: localhost:63111}, javascriptEnabled: true, networkConnectionEnabled: false, pageLoadStrategy: normal, platform: WINDOWS, platformName: WINDOWS, proxy: Proxy(), setWindowRect: true, strictFileInteractability: false, timeouts: {implicit: 0, pageLoad: 300000, script: 30000}, unhandledPromptBehavior: dismiss and notify, webauthn:extension:largeBlob: true, webauthn:virtualAuthenticators: true}
Session ID: 43b10d2010ad4125c19967207ec2ebd1
*** Element info: {Using=xpath, value=//input[@name=&apos;Orange&apos;]}
	at org.openqa.selenium.remote.http.W3CHttpResponseCodec.createException(W3CHttpResponseCodec.java:187)
	at org.openqa.selenium.remote.http.W3CHttpResponseCodec.decode(W3CHttpResponseCodec.java:122)
	at org.openqa.selenium.remote.http.W3CHttpResponseCodec.decode(W3CHttpResponseCodec.java:49)
	at org.openqa.selenium.remote.HttpCommandExecutor.execute(HttpCommandExecutor.java:158)
	at org.openqa.selenium.remote.service.DriverCommandExecutor.execute(DriverCommandExecutor.java:83)
	at org.openqa.selenium.remote.RemoteWebDriver.execute(RemoteWebDriver.java:552)
	at org.openqa.selenium.remote.RemoteWebDriver.findElement(RemoteWebDriver.java:323)
	at org.openqa.selenium.remote.RemoteWebDriver.findElementByXPath(RemoteWebDriver.java:428)
	at org.openqa.selenium.By$ByXPath.findElement(By.java:353)
	at org.openqa.selenium.remote.RemoteWebDriver.findElement(RemoteWebDriver.java:315)
	at org.openqa.selenium.support.pagefactory.DefaultElementLocator.findElement(DefaultElementLocator.java:69)
	at org.openqa.selenium.support.pagefactory.internal.LocatingElementHandler.invoke(LocatingElementHandler.java:38)
	at jdk.proxy2/jdk.proxy2.$Proxy14.click(Unknown Source)
	at com.qa.testscript.TC_RadioButtons.destinationQA(TC_RadioButtons.java:41)
	at java.base/java.util.ArrayList.forEach(ArrayList.java:1511)
... Removed 32 stack frames
</div> <!-- stack-trace -->
                </div> <!-- method-content -->
              </div> <!-- method -->
            </div> <!-- main-panel-content rounded-window-bottom -->
          </div> <!-- suite-caseStudies_18-class-failed -->
          <div class="suite-caseStudies_18-class-passed">
            <div class="main-panel-header rounded-window-top">
              <img src="passed.png"/>
              <span class="class-name">com.qa.testscript.TC_NewTours_04</span>
            </div> <!-- main-panel-header rounded-window-top -->
            <div class="main-panel-content rounded-window-bottom">
              <div class="method">
                <div class="method-content">
                  <a name="newtours18(http://demo.guru99.com/test/newtours/)">
                  </a> <!-- newtours18(http://demo.guru99.com/test/newtours/) -->
                  <span class="method-name">newtours18</span>
                  <span class="parameters">(http://demo.guru99.com/test/newtours/)</span>
                </div> <!-- method-content -->
              </div> <!-- method -->
            </div> <!-- main-panel-content rounded-window-bottom -->
          </div> <!-- suite-caseStudies_18-class-passed -->
          <div class="suite-caseStudies_18-class-passed">
            <div class="main-panel-header rounded-window-top">
              <img src="passed.png"/>
              <span class="class-name">com.qa.testscript.TC_Popup_01</span>
            </div> <!-- main-panel-header rounded-window-top -->
            <div class="main-panel-content rounded-window-bottom">
              <div class="method">
                <div class="method-content">
                  <a name="pop1(file:///C:/Users/Admin/Downloads/popup1.html)">
                  </a> <!-- pop1(file:///C:/Users/Admin/Downloads/popup1.html) -->
                  <span class="method-name">pop1</span>
                  <span class="parameters">(file:///C:/Users/Admin/Downloads/popup1.html)</span>
                </div> <!-- method-content -->
              </div> <!-- method -->
            </div> <!-- main-panel-content rounded-window-bottom -->
          </div> <!-- suite-caseStudies_18-class-passed -->
          <div class="suite-caseStudies_18-class-passed">
            <div class="main-panel-header rounded-window-top">
              <img src="passed.png"/>
              <span class="class-name">com.qa.testscript.TC_Amazon</span>
            </div> <!-- main-panel-header rounded-window-top -->
            <div class="main-panel-content rounded-window-bottom">
              <div class="method">
                <div class="method-content">
                  <a name="amazon(https://www.amazon.in/)">
                  </a> <!-- amazon(https://www.amazon.in/) -->
                  <span class="method-name">amazon</span>
                  <span class="parameters">(https://www.amazon.in/)</span>
                </div> <!-- method-content -->
              </div> <!-- method -->
            </div> <!-- main-panel-content rounded-window-bottom -->
          </div> <!-- suite-caseStudies_18-class-passed -->
          <div class="suite-caseStudies_18-class-passed">
            <div class="main-panel-header rounded-window-top">
              <img src="passed.png"/>
              <span class="class-name">com.qa.testscript.TC_Popup_03</span>
            </div> <!-- main-panel-header rounded-window-top -->
            <div class="main-panel-content rounded-window-bottom">
              <div class="method">
                <div class="method-content">
                  <a name="pop3(file:///C:/Users/Admin/Downloads/popup3.html)">
                  </a> <!-- pop3(file:///C:/Users/Admin/Downloads/popup3.html) -->
                  <span class="method-name">pop3</span>
                  <span class="parameters">(file:///C:/Users/Admin/Downloads/popup3.html)</span>
                </div> <!-- method-content -->
              </div> <!-- method -->
            </div> <!-- main-panel-content rounded-window-bottom -->
          </div> <!-- suite-caseStudies_18-class-passed -->
          <div class="suite-caseStudies_18-class-passed">
            <div class="main-panel-header rounded-window-top">
              <img src="passed.png"/>
              <span class="class-name">com.qa.testscript.TC_Fedex</span>
            </div> <!-- main-panel-header rounded-window-top -->
            <div class="main-panel-content rounded-window-bottom">
              <div class="method">
                <div class="method-content">
                  <a name="fedex(https://www.fedex.com/en-in/home.html)">
                  </a> <!-- fedex(https://www.fedex.com/en-in/home.html) -->
                  <span class="method-name">fedex</span>
                  <span class="parameters">(https://www.fedex.com/en-in/home.html)</span>
                </div> <!-- method-content -->
              </div> <!-- method -->
            </div> <!-- main-panel-content rounded-window-bottom -->
          </div> <!-- suite-caseStudies_18-class-passed -->
          <div class="suite-caseStudies_18-class-passed">
            <div class="main-panel-header rounded-window-top">
              <img src="passed.png"/>
              <span class="class-name">com.qa.testscript.TC_NewTours_01</span>
            </div> <!-- main-panel-header rounded-window-top -->
            <div class="main-panel-content rounded-window-bottom">
              <div class="method">
                <div class="method-content">
                  <a name="newtours(http://demo.guru99.com/test/newtours/)">
                  </a> <!-- newtours(http://demo.guru99.com/test/newtours/) -->
                  <span class="method-name">newtours</span>
                  <span class="parameters">(http://demo.guru99.com/test/newtours/)</span>
                </div> <!-- method-content -->
              </div> <!-- method -->
            </div> <!-- main-panel-content rounded-window-bottom -->
          </div> <!-- suite-caseStudies_18-class-passed -->
          <div class="suite-caseStudies_18-class-passed">
            <div class="main-panel-header rounded-window-top">
              <img src="passed.png"/>
              <span class="class-name">com.qa.testscript.TC_NewTours_03</span>
            </div> <!-- main-panel-header rounded-window-top -->
            <div class="main-panel-content rounded-window-bottom">
              <div class="method">
                <div class="method-content">
                  <a name="newtours(http://demo.guru99.com/test/newtours/)">
                  </a> <!-- newtours(http://demo.guru99.com/test/newtours/) -->
                  <span class="method-name">newtours</span>
                  <span class="parameters">(http://demo.guru99.com/test/newtours/)</span>
                </div> <!-- method-content -->
              </div> <!-- method -->
            </div> <!-- main-panel-content rounded-window-bottom -->
          </div> <!-- suite-caseStudies_18-class-passed -->
          <div class="suite-caseStudies_18-class-passed">
            <div class="main-panel-header rounded-window-top">
              <img src="passed.png"/>
              <span class="class-name">com.qa.testscript.TC_NewTours_02</span>
            </div> <!-- main-panel-header rounded-window-top -->
            <div class="main-panel-content rounded-window-bottom">
              <div class="method">
                <div class="method-content">
                  <a name="newtours(http://demo.guru99.com/test/newtours/)">
                  </a> <!-- newtours(http://demo.guru99.com/test/newtours/) -->
                  <span class="method-name">newtours</span>
                  <span class="parameters">(http://demo.guru99.com/test/newtours/)</span>
                </div> <!-- method-content -->
              </div> <!-- method -->
            </div> <!-- main-panel-content rounded-window-bottom -->
          </div> <!-- suite-caseStudies_18-class-passed -->
        </div> <!-- panel caseStudies_18 -->
        <div panel-name="test-xml-caseStudies_18" class="panel">
          <div class="main-panel-header rounded-window-top">
            <span class="header-content">C:\Users\Admin\eclipse-workspace\NewSelenium\testng.xml</span>
          </div> <!-- main-panel-header rounded-window-top -->
          <div class="main-panel-content rounded-window-bottom">
            <pre>
&lt;?xml version=&quot;1.0&quot; encoding=&quot;UTF-8&quot;?&gt;
&lt;!DOCTYPE suite SYSTEM &quot;https://testng.org/testng-1.0.dtd&quot;&gt;
&lt;suite name=&quot;caseStudies_18&quot; guice-stage=&quot;DEVELOPMENT&quot;&gt;
  &lt;listeners&gt;
    &lt;listener class-name=&quot;com.qa.utility.Report&quot;/&gt;
  &lt;/listeners&gt;
  &lt;test thread-count=&quot;5&quot; name=&quot;CaseStudy1&quot;&gt;
    &lt;parameter name=&quot;email_id&quot; value=&quot;test@test.com&quot;/&gt;
    &lt;parameter name=&quot;firstname&quot; value=&quot;smith&quot;/&gt;
    &lt;parameter name=&quot;password&quot; value=&quot;mercury&quot;/&gt;
    &lt;parameter name=&quot;url&quot; value=&quot;https://www.ebay.com/&quot;/&gt;
    &lt;parameter name=&quot;lastname&quot; value=&quot;kim&quot;/&gt;
    &lt;classes&gt;
      &lt;class name=&quot;com.qa.testscript.TC_Ebay_01&quot;/&gt;
    &lt;/classes&gt;
  &lt;/test&gt; &lt;!-- CaseStudy1 --&gt;
  &lt;test thread-count=&quot;5&quot; name=&quot;CaseStudy3&quot;&gt;
    &lt;parameter name=&quot;url&quot; value=&quot;http://destinationqa.com/aut/RadioButtons.html/&quot;/&gt;
    &lt;classes&gt;
      &lt;class name=&quot;com.qa.testscript.TC_RadioButtons&quot;/&gt;
    &lt;/classes&gt;
  &lt;/test&gt; &lt;!-- CaseStudy3 --&gt;
  &lt;test thread-count=&quot;5&quot; name=&quot;CaseStudy4&quot;&gt;
    &lt;parameter name=&quot;url&quot; value=&quot;https://www.rediff.com/&quot;/&gt;
    &lt;classes&gt;
      &lt;class name=&quot;com.qa.testscript.TC_Rediff&quot;/&gt;
    &lt;/classes&gt;
  &lt;/test&gt; &lt;!-- CaseStudy4 --&gt;
  &lt;test thread-count=&quot;5&quot; name=&quot;CaseStudy5&quot;&gt;
    &lt;parameter name=&quot;url&quot; value=&quot;https://www.google.co.in/&quot;/&gt;
    &lt;classes&gt;
      &lt;class name=&quot;com.qa.testscript.TC_AutoSuggestField&quot;/&gt;
    &lt;/classes&gt;
  &lt;/test&gt; &lt;!-- CaseStudy5 --&gt;
  &lt;test thread-count=&quot;5&quot; name=&quot;CaseStudy6&quot;&gt;
    &lt;parameter name=&quot;url&quot; value=&quot;https://www.amazon.in/&quot;/&gt;
    &lt;classes&gt;
      &lt;class name=&quot;com.qa.testscript.TC_Amazon&quot;/&gt;
    &lt;/classes&gt;
  &lt;/test&gt; &lt;!-- CaseStudy6 --&gt;
  &lt;test thread-count=&quot;5&quot; name=&quot;CaseStudy7&quot;&gt;
    &lt;parameter name=&quot;url&quot; value=&quot;http://demo.guru99.com/test/newtours/&quot;/&gt;
    &lt;classes&gt;
      &lt;class name=&quot;com.qa.testscript.TC_NewTours_01&quot;/&gt;
    &lt;/classes&gt;
  &lt;/test&gt; &lt;!-- CaseStudy7 --&gt;
  &lt;test thread-count=&quot;5&quot; name=&quot;CaseStudy8&quot;&gt;
    &lt;parameter name=&quot;url&quot; value=&quot;http://demo.guru99.com/test/newtours/&quot;/&gt;
    &lt;classes&gt;
      &lt;class name=&quot;com.qa.testscript.TC_NewTours_02&quot;/&gt;
    &lt;/classes&gt;
  &lt;/test&gt; &lt;!-- CaseStudy8 --&gt;
  &lt;test thread-count=&quot;5&quot; name=&quot;CaseStudy9&quot;&gt;
    &lt;parameter name=&quot;url&quot; value=&quot;http://demo.guru99.com/test/newtours/&quot;/&gt;
    &lt;classes&gt;
      &lt;class name=&quot;com.qa.testscript.TC_NewTours_03&quot;/&gt;
    &lt;/classes&gt;
  &lt;/test&gt; &lt;!-- CaseStudy9 --&gt;
  &lt;test thread-count=&quot;5&quot; name=&quot;CaseStudy13&quot;&gt;
    &lt;parameter name=&quot;url&quot; value=&quot;https://www.fedex.com/en-in/home.html&quot;/&gt;
    &lt;classes&gt;
      &lt;class name=&quot;com.qa.testscript.TC_Fedex&quot;/&gt;
    &lt;/classes&gt;
  &lt;/test&gt; &lt;!-- CaseStudy13 --&gt;
  &lt;test thread-count=&quot;5&quot; name=&quot;CaseStudy15&quot;&gt;
    &lt;parameter name=&quot;url&quot; value=&quot;file:///C:/Users/Admin/Downloads/popup1.html&quot;/&gt;
    &lt;classes&gt;
      &lt;class name=&quot;com.qa.testscript.TC_Popup_01&quot;/&gt;
    &lt;/classes&gt;
  &lt;/test&gt; &lt;!-- CaseStudy15 --&gt;
  &lt;test thread-count=&quot;5&quot; name=&quot;CaseStudy16&quot;&gt;
    &lt;parameter name=&quot;url&quot; value=&quot;file:///C:/Users/Admin/Downloads/popup2.html&quot;/&gt;
    &lt;classes&gt;
      &lt;class name=&quot;com.qa.testscript.TC_Popup_02&quot;/&gt;
    &lt;/classes&gt;
  &lt;/test&gt; &lt;!-- CaseStudy16 --&gt;
  &lt;test thread-count=&quot;5&quot; name=&quot;CaseStudy17&quot;&gt;
    &lt;parameter name=&quot;url&quot; value=&quot;file:///C:/Users/Admin/Downloads/popup3.html&quot;/&gt;
    &lt;classes&gt;
      &lt;class name=&quot;com.qa.testscript.TC_Popup_03&quot;/&gt;
    &lt;/classes&gt;
  &lt;/test&gt; &lt;!-- CaseStudy17 --&gt;
  &lt;test thread-count=&quot;5&quot; name=&quot;CaseStudy18&quot;&gt;
    &lt;parameter name=&quot;url&quot; value=&quot;http://demo.guru99.com/test/newtours/&quot;/&gt;
    &lt;classes&gt;
      &lt;class name=&quot;com.qa.testscript.TC_NewTours_04&quot;/&gt;
    &lt;/classes&gt;
  &lt;/test&gt; &lt;!-- CaseStudy18 --&gt;
&lt;/suite&gt; &lt;!-- caseStudies_18 --&gt;
            </pre>
          </div> <!-- main-panel-content rounded-window-bottom -->
        </div> <!-- panel -->
        <div panel-name="testlist-caseStudies_18" class="panel">
          <div class="main-panel-header rounded-window-top">
            <span class="header-content">Tests for caseStudies_18</span>
          </div> <!-- main-panel-header rounded-window-top -->
          <div class="main-panel-content rounded-window-bottom">
            <ul>
              <li>
                <span class="test-name">CaseStudy1 (1 class)</span>
              </li>
              <li>
                <span class="test-name">CaseStudy3 (1 class)</span>
              </li>
              <li>
                <span class="test-name">CaseStudy4 (1 class)</span>
              </li>
              <li>
                <span class="test-name">CaseStudy5 (1 class)</span>
              </li>
              <li>
                <span class="test-name">CaseStudy6 (1 class)</span>
              </li>
              <li>
                <span class="test-name">CaseStudy7 (1 class)</span>
              </li>
              <li>
                <span class="test-name">CaseStudy8 (1 class)</span>
              </li>
              <li>
                <span class="test-name">CaseStudy9 (1 class)</span>
              </li>
              <li>
                <span class="test-name">CaseStudy13 (1 class)</span>
              </li>
              <li>
                <span class="test-name">CaseStudy15 (1 class)</span>
              </li>
              <li>
                <span class="test-name">CaseStudy16 (1 class)</span>
              </li>
              <li>
                <span class="test-name">CaseStudy17 (1 class)</span>
              </li>
              <li>
                <span class="test-name">CaseStudy18 (1 class)</span>
              </li>
            </ul>
          </div> <!-- main-panel-content rounded-window-bottom -->
        </div> <!-- panel -->
        <div panel-name="group-caseStudies_18" class="panel">
          <div class="main-panel-header rounded-window-top">
            <span class="header-content">Groups for caseStudies_18</span>
          </div> <!-- main-panel-header rounded-window-top -->
          <div class="main-panel-content rounded-window-bottom">
          </div> <!-- main-panel-content rounded-window-bottom -->
        </div> <!-- panel -->
        <div panel-name="times-caseStudies_18" class="panel">
          <div class="main-panel-header rounded-window-top">
            <span class="header-content">Times for caseStudies_18</span>
          </div> <!-- main-panel-header rounded-window-top -->
          <div class="main-panel-content rounded-window-bottom">
            <div class="times-div">
              <script type="text/javascript">
suiteTableInitFunctions.push('tableData_caseStudies_18');
function tableData_caseStudies_18() {
var data = new google.visualization.DataTable();
data.addColumn('number', 'Number');
data.addColumn('string', 'Method');
data.addColumn('string', 'Class');
data.addColumn('number', 'Time (ms)');
data.addRows(14);
data.setCell(0, 0, 0)
data.setCell(0, 1, 'amazon')
data.setCell(0, 2, 'com.qa.testscript.TC_Amazon')
data.setCell(0, 3, 28909);
data.setCell(1, 0, 1)
data.setCell(1, 1, 'rediff')
data.setCell(1, 2, 'com.qa.testscript.TC_Rediff')
data.setCell(1, 3, 22150);
data.setCell(2, 0, 2)
data.setCell(2, 1, 'destinationQA')
data.setCell(2, 2, 'com.qa.testscript.TC_RadioButtons')
data.setCell(2, 3, 11854);
data.setCell(3, 0, 3)
data.setCell(3, 1, 'fedex')
data.setCell(3, 2, 'com.qa.testscript.TC_Fedex')
data.setCell(3, 3, 10002);
data.setCell(4, 0, 4)
data.setCell(4, 1, 'ebay')
data.setCell(4, 2, 'com.qa.testscript.TC_Ebay_01')
data.setCell(4, 3, 8993);
data.setCell(5, 0, 5)
data.setCell(5, 1, 'newtours')
data.setCell(5, 2, 'com.qa.testscript.TC_NewTours_01')
data.setCell(5, 3, 8348);
data.setCell(6, 0, 6)
data.setCell(6, 1, 'newtours')
data.setCell(6, 2, 'com.qa.testscript.TC_NewTours_02')
data.setCell(6, 3, 8102);
data.setCell(7, 0, 7)
data.setCell(7, 1, 'pop1')
data.setCell(7, 2, 'com.qa.testscript.TC_Popup_01')
data.setCell(7, 3, 6838);
data.setCell(8, 0, 8)
data.setCell(8, 1, 'newtours18')
data.setCell(8, 2, 'com.qa.testscript.TC_NewTours_04')
data.setCell(8, 3, 5781);
data.setCell(9, 0, 9)
data.setCell(9, 1, 'newtours')
data.setCell(9, 2, 'com.qa.testscript.TC_NewTours_03')
data.setCell(9, 3, 4003);
data.setCell(10, 0, 10)
data.setCell(10, 1, 'pop3')
data.setCell(10, 2, 'com.qa.testscript.TC_Popup_03')
data.setCell(10, 3, 3835);
data.setCell(11, 0, 11)
data.setCell(11, 1, 'pop2')
data.setCell(11, 2, 'com.qa.testscript.TC_Popup_02')
data.setCell(11, 3, 755);
data.setCell(12, 0, 12)
data.setCell(12, 1, 'google')
data.setCell(12, 2, 'com.qa.testscript.TC_AutoSuggestField')
data.setCell(12, 3, 91);
data.setCell(13, 0, 13)
data.setCell(13, 1, 'google')
data.setCell(13, 2, 'com.qa.testscript.TC_AutoSuggestField')
data.setCell(13, 3, 63);
window.suiteTableData['caseStudies_18']= { tableData: data, tableDiv: 'times-div-caseStudies_18'}
return data;
}
              </script>
              <span class="suite-total-time">Total running time: 1 minutes</span>
              <div id="times-div-caseStudies_18">
              </div> <!-- times-div-caseStudies_18 -->
            </div> <!-- times-div -->
          </div> <!-- main-panel-content rounded-window-bottom -->
        </div> <!-- panel -->
        <div panel-name="reporter-caseStudies_18" class="panel">
          <div class="main-panel-header rounded-window-top">
            <span class="header-content">Reporter output for caseStudies_18</span>
          </div> <!-- main-panel-header rounded-window-top -->
          <div class="main-panel-content rounded-window-bottom">
            <div class="reporter-method-div">
              <span class="reporter-method-name">newtours18(http://demo.guru99.com/test/newtours/)</span>
              <div class="reporter-method-output-div">
                <span class="reporter-method-output">India is not present in the dropdown list</span>
              </div> <!-- reporter-method-output-div -->
            </div> <!-- reporter-method-div -->
          </div> <!-- main-panel-content rounded-window-bottom -->
        </div> <!-- panel -->
        <div panel-name="ignored-methods-caseStudies_18" class="panel">
          <div class="main-panel-header rounded-window-top">
            <span class="header-content">0 ignored methods</span>
          </div> <!-- main-panel-header rounded-window-top -->
          <div class="main-panel-content rounded-window-bottom">
          </div> <!-- main-panel-content rounded-window-bottom -->
        </div> <!-- panel -->
        <div panel-name="chronological-caseStudies_18" class="panel">
          <div class="main-panel-header rounded-window-top">
            <span class="header-content">Methods in chronological order</span>
          </div> <!-- main-panel-header rounded-window-top -->
          <div class="main-panel-content rounded-window-bottom">
            <div class="chronological-class">
              <div class="chronological-class-name">com.qa.testscript.TC_Ebay_01</div> <!-- chronological-class-name -->
              <div class="configuration-class before">
                <span class="method-name">initilalization</span>
                <span class="method-start">0 ms</span>
              </div> <!-- configuration-class before -->
              <div class="test-method">
                <img src="failed.png">
                </img>
                <span class="method-name">ebay(https://www.ebay.com/, smith, kim, test@test.com, mercury)</span>
                <span class="method-start">6432 ms</span>
              </div> <!-- test-method -->
              <div class="configuration-class after">
                <span class="method-name">tearDown</span>
                <span class="method-start">15604 ms</span>
              </div> <!-- configuration-class after -->
            </div> <!-- chronological-class -->
            <div class="chronological-class">
              <div class="chronological-class-name">com.qa.testscript.TC_RadioButtons</div> <!-- chronological-class-name -->
              <div class="configuration-class before">
                <span class="method-name">initilalization</span>
                <span class="method-start">22369 ms</span>
              </div> <!-- configuration-class before -->
              <div class="test-method">
                <img src="failed.png">
                </img>
                <span class="method-name">destinationQA(http://destinationqa.com/aut/RadioButtons.html/)</span>
                <span class="method-start">26442 ms</span>
              </div> <!-- test-method -->
              <div class="configuration-class after">
                <span class="method-name">tearDown</span>
                <span class="method-start">38318 ms</span>
              </div> <!-- configuration-class after -->
            </div> <!-- chronological-class -->
            <div class="chronological-class">
              <div class="chronological-class-name">com.qa.testscript.TC_Rediff</div> <!-- chronological-class-name -->
              <div class="configuration-class before">
                <span class="method-name">initilalization</span>
                <span class="method-start">43477 ms</span>
              </div> <!-- configuration-class before -->
              <div class="test-method">
                <img src="failed.png">
                </img>
                <span class="method-name">rediff(https://www.rediff.com/)</span>
                <span class="method-start">46439 ms</span>
              </div> <!-- test-method -->
              <div class="configuration-class after">
                <span class="method-name">tearDown</span>
                <span class="method-start">68597 ms</span>
              </div> <!-- configuration-class after -->
            </div> <!-- chronological-class -->
            <div class="chronological-class">
              <div class="chronological-class-name">com.qa.testscript.TC_AutoSuggestField</div> <!-- chronological-class-name -->
              <div class="configuration-class before">
                <span class="method-name">initilalization</span>
                <span class="method-start">69537 ms</span>
              </div> <!-- configuration-class before -->
              <div class="test-method">
                <img src="failed.png">
                </img>
                <span class="method-name">google(Automation Testing)</span>
                <span class="method-start">77432 ms</span>
              </div> <!-- test-method -->
              <div class="test-method">
                <img src="failed.png">
                </img>
                <span class="method-name">google(Java)</span>
                <span class="method-start">77549 ms</span>
              </div> <!-- test-method -->
              <div class="configuration-class after">
                <span class="method-name">tearDown</span>
                <span class="method-start">77619 ms</span>
              </div> <!-- configuration-class after -->
            </div> <!-- chronological-class -->
            <div class="chronological-class">
              <div class="chronological-class-name">com.qa.testscript.TC_Amazon</div> <!-- chronological-class-name -->
              <div class="configuration-class before">
                <span class="method-name">initilalization</span>
                <span class="method-start">82426 ms</span>
              </div> <!-- configuration-class before -->
              <div class="test-method">
                <span class="method-name">amazon(https://www.amazon.in/)</span>
                <span class="method-start">85322 ms</span>
              </div> <!-- test-method -->
              <div class="configuration-class after">
                <img src="failed.png">
                </img>
                <span class="method-name">tearDown</span>
                <span class="method-start">114242 ms</span>
              </div> <!-- configuration-class after -->
            </div> <!-- chronological-class -->
            <div class="chronological-class">
              <div class="chronological-class-name">com.qa.testscript.TC_NewTours_01</div> <!-- chronological-class-name -->
              <div class="configuration-class before">
                <span class="method-name">initilalization</span>
                <span class="method-start">114637 ms</span>
              </div> <!-- configuration-class before -->
              <div class="test-method">
                <span class="method-name">newtours(http://demo.guru99.com/test/newtours/)</span>
                <span class="method-start">119670 ms</span>
              </div> <!-- test-method -->
              <div class="configuration-class after">
                <span class="method-name">tearDown</span>
                <span class="method-start">128022 ms</span>
              </div> <!-- configuration-class after -->
            </div> <!-- chronological-class -->
            <div class="chronological-class">
              <div class="chronological-class-name">com.qa.testscript.TC_NewTours_02</div> <!-- chronological-class-name -->
              <div class="configuration-class before">
                <span class="method-name">initilalization</span>
                <span class="method-start">133279 ms</span>
              </div> <!-- configuration-class before -->
              <div class="test-method">
                <span class="method-name">newtours(http://demo.guru99.com/test/newtours/)</span>
                <span class="method-start">136433 ms</span>
              </div> <!-- test-method -->
              <div class="configuration-class after">
                <span class="method-name">tearDown</span>
                <span class="method-start">144537 ms</span>
              </div> <!-- configuration-class after -->
            </div> <!-- chronological-class -->
            <div class="chronological-class">
              <div class="chronological-class-name">com.qa.testscript.TC_NewTours_03</div> <!-- chronological-class-name -->
              <div class="configuration-class before">
                <span class="method-name">initilalization</span>
                <span class="method-start">145295 ms</span>
              </div> <!-- configuration-class before -->
              <div class="test-method">
                <span class="method-name">newtours(http://demo.guru99.com/test/newtours/)</span>
                <span class="method-start">149237 ms</span>
              </div> <!-- test-method -->
              <div class="configuration-class after">
                <span class="method-name">tearDown</span>
                <span class="method-start">153241 ms</span>
              </div> <!-- configuration-class after -->
            </div> <!-- chronological-class -->
            <div class="chronological-class">
              <div class="chronological-class-name">com.qa.testscript.TC_Fedex</div> <!-- chronological-class-name -->
              <div class="configuration-class before">
                <span class="method-name">initilalization</span>
                <span class="method-start">154186 ms</span>
              </div> <!-- configuration-class before -->
              <div class="test-method">
                <span class="method-name">fedex(https://www.fedex.com/en-in/home.html)</span>
                <span class="method-start">157573 ms</span>
              </div> <!-- test-method -->
              <div class="configuration-class after">
                <span class="method-name">tearDown</span>
                <span class="method-start">167577 ms</span>
              </div> <!-- configuration-class after -->
            </div> <!-- chronological-class -->
            <div class="chronological-class">
              <div class="chronological-class-name">com.qa.testscript.TC_Popup_01</div> <!-- chronological-class-name -->
              <div class="configuration-class before">
                <span class="method-name">initilalization</span>
                <span class="method-start">168762 ms</span>
              </div> <!-- configuration-class before -->
              <div class="test-method">
                <span class="method-name">pop1(file:///C:/Users/Admin/Downloads/popup1.html)</span>
                <span class="method-start">172036 ms</span>
              </div> <!-- test-method -->
              <div class="configuration-class after">
                <span class="method-name">tearDown</span>
                <span class="method-start">178880 ms</span>
              </div> <!-- configuration-class after -->
            </div> <!-- chronological-class -->
            <div class="chronological-class">
              <div class="chronological-class-name">com.qa.testscript.TC_Popup_02</div> <!-- chronological-class-name -->
              <div class="configuration-class before">
                <span class="method-name">initilalization</span>
                <span class="method-start">183351 ms</span>
              </div> <!-- configuration-class before -->
              <div class="test-method">
                <img src="failed.png">
                </img>
                <span class="method-name">pop2(file:///C:/Users/Admin/Downloads/popup2.html)</span>
                <span class="method-start">186420 ms</span>
              </div> <!-- test-method -->
              <div class="configuration-class after">
                <span class="method-name">tearDown</span>
                <span class="method-start">187180 ms</span>
              </div> <!-- configuration-class after -->
            </div> <!-- chronological-class -->
            <div class="chronological-class">
              <div class="chronological-class-name">com.qa.testscript.TC_Popup_03</div> <!-- chronological-class-name -->
              <div class="configuration-class before">
                <span class="method-name">initilalization</span>
                <span class="method-start">188432 ms</span>
              </div> <!-- configuration-class before -->
              <div class="test-method">
                <span class="method-name">pop3(file:///C:/Users/Admin/Downloads/popup3.html)</span>
                <span class="method-start">191482 ms</span>
              </div> <!-- test-method -->
              <div class="configuration-class after">
                <span class="method-name">tearDown</span>
                <span class="method-start">195319 ms</span>
              </div> <!-- configuration-class after -->
            </div> <!-- chronological-class -->
            <div class="chronological-class">
              <div class="chronological-class-name">com.qa.testscript.TC_NewTours_04</div> <!-- chronological-class-name -->
              <div class="configuration-class before">
                <span class="method-name">initilalization</span>
                <span class="method-start">196140 ms</span>
              </div> <!-- configuration-class before -->
              <div class="test-method">
                <span class="method-name">newtours18(http://demo.guru99.com/test/newtours/)</span>
                <span class="method-start">198926 ms</span>
              </div> <!-- test-method -->
              <div class="configuration-class after">
                <span class="method-name">tearDown</span>
                <span class="method-start">204708 ms</span>
              </div> <!-- configuration-class after -->
          </div> <!-- main-panel-content rounded-window-bottom -->
        </div> <!-- panel -->
      </div> <!-- main-panel-root -->
    </div> <!-- wrapper -->
  </body>
<script type="text/javascript" src="testng-reports2.js"></script>
</html>
